Command line:
   fasystem_bh_isim_beh.exe
     -simmode  gui
     -simrunnum  0
     -socket  54639

Wed Feb 21 18:58:42 2018


 Elaboration Time: 0.171875 sec

 Current Memory Usage: 1530.36 Meg

 Total Signals          : 17
 Total Nets             : 18
 Total Signal Drivers   : 6
 Total Blocks           : 2
 Total Primitive Blocks : 2
 Total Processes        : 9
 Total Traceable Variables  : 20
 Total Scalar Nets and Variables : 100
Total Line Count : 25

 Total Simulation Time: 0.203125 sec

 Current Memory Usage: 1530.36 Meg

Wed Feb 21 18:58:49 2018

