Command line:
   and2_tb_isim_beh.exe
     -simmode  gui
     -simrunnum  0
     -socket  56417

Thu May 17 00:44:47 2018


 Elaboration Time: 0.046875 sec

 Current Memory Usage: 881.566 Meg

 Total Signals          : 45
 Total Nets             : 42
 Total Signal Drivers   : 9
 Total Blocks           : 7
 Total Primitive Blocks : 5
 Total Processes        : 11
 Total Traceable Variables  : 33
 Total Scalar Nets and Variables : 607
Total Line Count : 28

 Total Simulation Time: 0.046875 sec

 Current Memory Usage: 881.566 Meg

Thu May 17 00:51:20 2018

