Release 14.7 - xst P.20131013 (nt)
Copyright (c) 1995-2013 Xilinx, Inc.  All rights reserved.
--> Parameter TMPDIR set to xst/projnav.tmp


Total REAL time to Xst completion: 0.00 secs
Total CPU time to Xst completion: 0.16 secs
 
--> Parameter xsthdpdir set to xst


Total REAL time to Xst completion: 0.00 secs
Total CPU time to Xst completion: 0.16 secs
 
--> Reading design: decoder_st.prj

TABLE OF CONTENTS
  1) Synthesis Options Summary
  2) HDL Compilation
  3) Design Hierarchy Analysis
  4) HDL Analysis
  5) HDL Synthesis
     5.1) HDL Synthesis Report
  6) Advanced HDL Synthesis
     6.1) Advanced HDL Synthesis Report
  7) Low Level Synthesis
  8) Partition Report
  9) Final Report
	9.1) Device utilization summary
	9.2) Partition Resource Summary
	9.3) TIMING REPORT


=========================================================================
*                      Synthesis Options Summary                        *
=========================================================================
---- Source Parameters
Input File Name                    : "decoder_st.prj"
Input Format                       : mixed
Ignore Synthesis Constraint File   : NO

---- Target Parameters
Output File Name                   : "decoder_st"
Output Format                      : NGC
Target Device                      : xc3s100e-5-cp132

---- Source Options
Top Module Name                    : decoder_st
Automatic FSM Extraction           : YES
FSM Encoding Algorithm             : Auto
Safe Implementation                : No
FSM Style                          : LUT
RAM Extraction                     : Yes
RAM Style                          : Auto
ROM Extraction                     : Yes
Mux Style                          : Auto
Decoder Extraction                 : YES
Priority Encoder Extraction        : Yes
Shift Register Extraction          : YES
Logical Shifter Extraction         : YES
XOR Collapsing                     : YES
ROM Style                          : Auto
Mux Extraction                     : Yes
Resource Sharing                   : YES
Asynchronous To Synchronous        : NO
Multiplier Style                   : Auto
Automatic Register Balancing       : No

---- Target Options
Add IO Buffers                     : YES
Global Maximum Fanout              : 100000
Add Generic Clock Buffer(BUFG)     : 24
Register Duplication               : YES
Slice Packing                      : YES
Optimize Instantiated Primitives   : NO
Use Clock Enable                   : Yes
Use Synchronous Set                : Yes
Use Synchronous Reset              : Yes
Pack IO Registers into IOBs        : Auto
Equivalent register Removal        : YES

---- General Options
Optimization Goal                  : Speed
Optimization Effort                : 1
Keep Hierarchy                     : No
Netlist Hierarchy                  : As_Optimized
RTL Output                         : Yes
Global Optimization                : AllClockNets
Read Cores                         : YES
Write Timing Constraints           : NO
Cross Clock Analysis               : NO
Hierarchy Separator                : /
Bus Delimiter                      : <>
Case Specifier                     : Maintain
Slice Utilization Ratio            : 100
BRAM Utilization Ratio             : 100
Verilog 2001                       : YES
Auto BRAM Packing                  : NO
Slice Utilization Ratio Delta      : 5

=========================================================================


=========================================================================
*                          HDL Compilation                              *
=========================================================================
Compiling verilog file "and41.v" in library work
Compiling verilog file "decoder_st.v" in library work
Module <and41> compiled
Module <decoder_st> compiled
No errors in compilation
Analysis of file <"decoder_st.prj"> succeeded.
 

=========================================================================
*                     Design Hierarchy Analysis                         *
=========================================================================
Analyzing hierarchy for module <decoder_st> in library <work>.


=========================================================================
*                            HDL Analysis                               *
=========================================================================
Analyzing top module <decoder_st>.
WARNING:Xst:2211 - "and41.v" line 36: Instantiating black box module <and41>.
WARNING:Xst:2211 - "and41.v" line 37: Instantiating black box module <and41>.
WARNING:Xst:2211 - "and41.v" line 38: Instantiating black box module <and41>.
WARNING:Xst:2211 - "and41.v" line 39: Instantiating black box module <and41>.
WARNING:Xst:2211 - "and41.v" line 40: Instantiating black box module <and41>.
WARNING:Xst:2211 - "and41.v" line 41: Instantiating black box module <and41>.
WARNING:Xst:2211 - "and41.v" line 42: Instantiating black box module <and41>.
WARNING:Xst:2211 - "and41.v" line 43: Instantiating black box module <and41>.
Module <decoder_st> is correct for synthesis.
 

=========================================================================
*                           HDL Synthesis                               *
=========================================================================

Performing bidirectional port resolution...

Synthesizing Unit <decoder_st>.
    Related source file is "decoder_st.v".
WARNING:Xst:1306 - Output <d1> is never assigned.
WARNING:Xst:1306 - Output <d2> is never assigned.
WARNING:Xst:1306 - Output <d3> is never assigned.
WARNING:Xst:1306 - Output <d4> is never assigned.
WARNING:Xst:1306 - Output <d5> is never assigned.
WARNING:Xst:1306 - Output <d6> is never assigned.
WARNING:Xst:1306 - Output <d7> is never assigned.
WARNING:Xst:647 - Input <d> is never used. This port will be preserved and left unconnected if it belongs to a top-level block or it belongs to a sub-block and the hierarchy of this sub-block is preserved.
WARNING:Xst:653 - Signal <e> is used but never assigned. This sourceless signal will be automatically connected to value 0.
Unit <decoder_st> synthesized.


=========================================================================
HDL Synthesis Report

Found no macro
=========================================================================

=========================================================================
*                       Advanced HDL Synthesis                          *
=========================================================================


=========================================================================
Advanced HDL Synthesis Report

Found no macro
=========================================================================

=========================================================================
*                         Low Level Synthesis                           *
=========================================================================

Optimizing unit <decoder_st> ...

Mapping all equations...
WARNING:Xst:2036 - Inserting OBUF on port <d0> driven by black box <and41>. Possible simulation mismatch.
Building and optimizing final netlist ...
Found area constraint ratio of 100 (+ 5) on block decoder_st, actual ratio is 0.

Final Macro Processing ...

=========================================================================
Final Register Report

Found no macro
=========================================================================

=========================================================================
*                           Partition Report                            *
=========================================================================

Partition Implementation Status
-------------------------------

  No Partitions were found in this design.

-------------------------------

=========================================================================
*                            Final Report                               *
=========================================================================
Final Results
RTL Top Level Output File Name     : decoder_st.ngr
Top Level Output File Name         : decoder_st
Output Format                      : NGC
Optimization Goal                  : Speed
Keep Hierarchy                     : No

Design Statistics
# IOs                              : 12

Cell Usage :
# BELS                             : 4
#      GND                         : 1
#      INV                         : 3
# IO Buffers                       : 4
#      IBUF                        : 3
#      OBUF                        : 1
# Others                           : 8
#      and41                       : 8
=========================================================================

Device utilization summary:
---------------------------

Selected Device : 3s100ecp132-5 

 Number of Slices:                        2  out of    960     0%  
 Number of 4 input LUTs:                  3  out of   1920     0%  
 Number of IOs:                          12
 Number of bonded IOBs:                   4  out of     83     4%  

---------------------------
Partition Resource Summary:
---------------------------

  No Partitions were found in this design.

---------------------------


=========================================================================
TIMING REPORT

NOTE: THESE TIMING NUMBERS ARE ONLY A SYNTHESIS ESTIMATE.
      FOR ACCURATE TIMING INFORMATION PLEASE REFER TO THE TRACE REPORT
      GENERATED AFTER PLACE-and-ROUTE.

Clock Information:
------------------
No clock signals found in this design

Asynchronous Control Signals Information:
----------------------------------------
No asynchronous control signals found in this design

Timing Summary:
---------------
Speed Grade: -5

   Minimum period: No path found
   Minimum input arrival time before clock: No path found
   Maximum output required time after clock: No path found
   Maximum combinational path delay: 3.526ns

Timing Detail:
--------------
All values displayed in nanoseconds (ns)

=========================================================================
Timing constraint: Default path analysis
  Total number of paths / destination ports: 32 / 25
-------------------------------------------------------------------------
Delay:               3.526ns (Levels of Logic = 1)
  Source:            c1:out (PAD)
  Destination:       d0 (PAD)

  Data Path: c1:out to d0
                                Gate     Net
    Cell:in->out      fanout   Delay   Delay  Logical Name (Net Name)
    ----------------------------------------  ------------
    and41:out              1   0.000   0.357  c1 (d0_OBUF)
     OBUF:I->O                 3.169          d0_OBUF (d0)
    ----------------------------------------
    Total                      3.526ns (3.169ns logic, 0.357ns route)
                                       (89.9% logic, 10.1% route)

=========================================================================


Total REAL time to Xst completion: 3.00 secs
Total CPU time to Xst completion: 3.32 secs
 
--> 

Total memory usage is 286280 kilobytes

Number of errors   :    0 (   0 filtered)
Number of warnings :   18 (   0 filtered)
Number of infos    :    0 (   0 filtered)

