Release 14.7 - xst P.20131013 (nt)
Copyright (c) 1995-2013 Xilinx, Inc.  All rights reserved.
--> Parameter TMPDIR set to xst/projnav.tmp


Total REAL time to Xst completion: 0.00 secs
Total CPU time to Xst completion: 0.16 secs
 
--> Parameter xsthdpdir set to xst


Total REAL time to Xst completion: 0.00 secs
Total CPU time to Xst completion: 0.16 secs
 
--> Reading design: tailights_bh.prj

TABLE OF CONTENTS
  1) Synthesis Options Summary
  2) HDL Compilation
  3) Design Hierarchy Analysis
  4) HDL Analysis
  5) HDL Synthesis
     5.1) HDL Synthesis Report
  6) Advanced HDL Synthesis
     6.1) Advanced HDL Synthesis Report
  7) Low Level Synthesis
  8) Partition Report
  9) Final Report
	9.1) Device utilization summary
	9.2) Partition Resource Summary
	9.3) TIMING REPORT


=========================================================================
*                      Synthesis Options Summary                        *
=========================================================================
---- Source Parameters
Input File Name                    : "tailights_bh.prj"
Input Format                       : mixed
Ignore Synthesis Constraint File   : NO

---- Target Parameters
Output File Name                   : "tailights_bh"
Output Format                      : NGC
Target Device                      : xc3s100e-5-cp132

---- Source Options
Top Module Name                    : tailights_bh
Automatic FSM Extraction           : YES
FSM Encoding Algorithm             : Auto
Safe Implementation                : No
FSM Style                          : LUT
RAM Extraction                     : Yes
RAM Style                          : Auto
ROM Extraction                     : Yes
Mux Style                          : Auto
Decoder Extraction                 : YES
Priority Encoder Extraction        : Yes
Shift Register Extraction          : YES
Logical Shifter Extraction         : YES
XOR Collapsing                     : YES
ROM Style                          : Auto
Mux Extraction                     : Yes
Resource Sharing                   : YES
Asynchronous To Synchronous        : NO
Multiplier Style                   : Auto
Automatic Register Balancing       : No

---- Target Options
Add IO Buffers                     : YES
Global Maximum Fanout              : 100000
Add Generic Clock Buffer(BUFG)     : 24
Register Duplication               : YES
Slice Packing                      : YES
Optimize Instantiated Primitives   : NO
Use Clock Enable                   : Yes
Use Synchronous Set                : Yes
Use Synchronous Reset              : Yes
Pack IO Registers into IOBs        : Auto
Equivalent register Removal        : YES

---- General Options
Optimization Goal                  : Speed
Optimization Effort                : 1
Keep Hierarchy                     : No
Netlist Hierarchy                  : As_Optimized
RTL Output                         : Yes
Global Optimization                : AllClockNets
Read Cores                         : YES
Write Timing Constraints           : NO
Cross Clock Analysis               : NO
Hierarchy Separator                : /
Bus Delimiter                      : <>
Case Specifier                     : Maintain
Slice Utilization Ratio            : 100
BRAM Utilization Ratio             : 100
Verilog 2001                       : YES
Auto BRAM Packing                  : NO
Slice Utilization Ratio Delta      : 5

=========================================================================


=========================================================================
*                          HDL Compilation                              *
=========================================================================
Compiling verilog file "tailights_bh.v" in library work
Module <tailights_bh> compiled
No errors in compilation
Analysis of file <"tailights_bh.prj"> succeeded.
 

=========================================================================
*                     Design Hierarchy Analysis                         *
=========================================================================
Analyzing hierarchy for module <tailights_bh> in library <work>.


=========================================================================
*                            HDL Analysis                               *
=========================================================================
Analyzing top module <tailights_bh>.
Module <tailights_bh> is correct for synthesis.
 

=========================================================================
*                           HDL Synthesis                               *
=========================================================================

Performing bidirectional port resolution...

Synthesizing Unit <tailights_bh>.
    Related source file is "tailights_bh.v".
    Found 4-bit register for signal <LT>.
    Found 4-bit register for signal <RT>.
    Found 4-bit comparator lessequal for signal <LT$cmp_le0000> created at line 43.
    Summary:
	inferred   8 D-type flip-flop(s).
	inferred   1 Comparator(s).
Unit <tailights_bh> synthesized.


=========================================================================
HDL Synthesis Report

Macro Statistics
# Registers                                            : 2
 4-bit register                                        : 2
# Comparators                                          : 1
 4-bit comparator lessequal                            : 1

=========================================================================

=========================================================================
*                       Advanced HDL Synthesis                          *
=========================================================================


=========================================================================
Advanced HDL Synthesis Report

Macro Statistics
# Registers                                            : 8
 Flip-Flops                                            : 8
# Comparators                                          : 1
 4-bit comparator lessequal                            : 1

=========================================================================

=========================================================================
*                         Low Level Synthesis                           *
=========================================================================

Optimizing unit <tailights_bh> ...

Mapping all equations...
Building and optimizing final netlist ...
Found area constraint ratio of 100 (+ 5) on block tailights_bh, actual ratio is 0.

Final Macro Processing ...

=========================================================================
Final Register Report

Macro Statistics
# Registers                                            : 8
 Flip-Flops                                            : 8

=========================================================================

=========================================================================
*                           Partition Report                            *
=========================================================================

Partition Implementation Status
-------------------------------

  No Partitions were found in this design.

-------------------------------

=========================================================================
*                            Final Report                               *
=========================================================================
Final Results
RTL Top Level Output File Name     : tailights_bh.ngr
Top Level Output File Name         : tailights_bh
Output Format                      : NGC
Optimization Goal                  : Speed
Keep Hierarchy                     : No

Design Statistics
# IOs                              : 12

Cell Usage :
# BELS                             : 13
#      LUT3                        : 4
#      LUT4                        : 7
#      LUT4_D                      : 2
# FlipFlops/Latches                : 8
#      FD                          : 1
#      FDS                         : 7
# Clock Buffers                    : 1
#      BUFGP                       : 1
# IO Buffers                       : 11
#      IBUF                        : 3
#      OBUF                        : 8
=========================================================================

Device utilization summary:
---------------------------

Selected Device : 3s100ecp132-5 

 Number of Slices:                        7  out of    960     0%  
 Number of Slice Flip Flops:              8  out of   1920     0%  
 Number of 4 input LUTs:                 13  out of   1920     0%  
 Number of IOs:                          12
 Number of bonded IOBs:                  12  out of     83    14%  
 Number of GCLKs:                         1  out of     24     4%  

---------------------------
Partition Resource Summary:
---------------------------

  No Partitions were found in this design.

---------------------------


=========================================================================
TIMING REPORT

NOTE: THESE TIMING NUMBERS ARE ONLY A SYNTHESIS ESTIMATE.
      FOR ACCURATE TIMING INFORMATION PLEASE REFER TO THE TRACE REPORT
      GENERATED AFTER PLACE-and-ROUTE.

Clock Information:
------------------
-----------------------------------+------------------------+-------+
Clock Signal                       | Clock buffer(FF name)  | Load  |
-----------------------------------+------------------------+-------+
Clock                              | BUFGP                  | 8     |
-----------------------------------+------------------------+-------+

Asynchronous Control Signals Information:
----------------------------------------
No asynchronous control signals found in this design

Timing Summary:
---------------
Speed Grade: -5

   Minimum period: 5.218ns (Maximum Frequency: 191.642MHz)
   Minimum input arrival time before clock: 5.750ns
   Maximum output required time after clock: 4.252ns
   Maximum combinational path delay: No path found

Timing Detail:
--------------
All values displayed in nanoseconds (ns)

=========================================================================
Timing constraint: Default period analysis for Clock 'Clock'
  Clock period: 5.218ns (frequency: 191.642MHz)
  Total number of paths / destination ports: 98 / 15
-------------------------------------------------------------------------
Delay:               5.218ns (Levels of Logic = 3)
  Source:            LT_0 (FF)
  Destination:       LT_0 (FF)
  Source Clock:      Clock rising
  Destination Clock: Clock rising

  Data Path: LT_0 to LT_0
                                Gate     Net
    Cell:in->out      fanout   Delay   Delay  Logical Name (Net Name)
    ----------------------------------------  ------------
     FDS:C->Q              5   0.514   0.690  LT_0 (LT_0)
     LUT4:I0->O            1   0.612   0.360  RT_mux0000<3>231 (RT_mux0000<3>231)
     LUT4:I3->O            6   0.612   0.572  RT_mux0000<3>233 (N3)
     LUT4:I3->O            3   0.612   0.451  LT_mux0000<1>1 (LT_mux0000<1>)
     FDS:S                     0.795          LT_0
    ----------------------------------------
    Total                      5.218ns (3.145ns logic, 2.073ns route)
                                       (60.3% logic, 39.7% route)

=========================================================================
Timing constraint: Default OFFSET IN BEFORE for Clock 'Clock'
  Total number of paths / destination ports: 38 / 15
-------------------------------------------------------------------------
Offset:              5.750ns (Levels of Logic = 4)
  Source:            Haz (PAD)
  Destination:       LT_0 (FF)
  Destination Clock: Clock rising

  Data Path: Haz to LT_0
                                Gate     Net
    Cell:in->out      fanout   Delay   Delay  Logical Name (Net Name)
    ----------------------------------------  ------------
     IBUF:I->O             3   1.106   0.603  Haz_IBUF (Haz_IBUF)
     LUT3:I0->O            1   0.612   0.387  RT_mux0000<3>27 (RT_mux0000<3>27)
     LUT4:I2->O            6   0.612   0.572  RT_mux0000<3>233 (N3)
     LUT4:I3->O            3   0.612   0.451  LT_mux0000<1>1 (LT_mux0000<1>)
     FDS:S                     0.795          LT_0
    ----------------------------------------
    Total                      5.750ns (3.737ns logic, 2.013ns route)
                                       (65.0% logic, 35.0% route)

=========================================================================
Timing constraint: Default OFFSET OUT AFTER for Clock 'Clock'
  Total number of paths / destination ports: 8 / 8
-------------------------------------------------------------------------
Offset:              4.252ns (Levels of Logic = 1)
  Source:            RT_1 (FF)
  Destination:       RT<1> (PAD)
  Source Clock:      Clock rising

  Data Path: RT_1 to RT<1>
                                Gate     Net
    Cell:in->out      fanout   Delay   Delay  Logical Name (Net Name)
    ----------------------------------------  ------------
     FDS:C->Q              6   0.514   0.569  RT_1 (RT_1)
     OBUF:I->O                 3.169          RT_1_OBUF (RT<1>)
    ----------------------------------------
    Total                      4.252ns (3.683ns logic, 0.569ns route)
                                       (86.6% logic, 13.4% route)

=========================================================================


Total REAL time to Xst completion: 3.00 secs
Total CPU time to Xst completion: 3.34 secs
 
--> 

Total memory usage is 251252 kilobytes

Number of errors   :    0 (   0 filtered)
Number of warnings :    0 (   0 filtered)
Number of infos    :    0 (   0 filtered)

