Release 14.7 - xst P.20131013 (nt)
Copyright (c) 1995-2013 Xilinx, Inc.  All rights reserved.
--> Parameter TMPDIR set to xst/projnav.tmp


Total REAL time to Xst completion: 0.00 secs
Total CPU time to Xst completion: 0.12 secs
 
--> Parameter xsthdpdir set to xst


Total REAL time to Xst completion: 0.00 secs
Total CPU time to Xst completion: 0.12 secs
 
--> Reading design: disp_mux_main_bh.prj

TABLE OF CONTENTS
  1) Synthesis Options Summary
  2) HDL Compilation
  3) Design Hierarchy Analysis
  4) HDL Analysis
  5) HDL Synthesis
     5.1) HDL Synthesis Report
  6) Advanced HDL Synthesis
     6.1) Advanced HDL Synthesis Report
  7) Low Level Synthesis
  8) Partition Report
  9) Final Report
	9.1) Device utilization summary
	9.2) Partition Resource Summary
	9.3) TIMING REPORT


=========================================================================
*                      Synthesis Options Summary                        *
=========================================================================
---- Source Parameters
Input File Name                    : "disp_mux_main_bh.prj"
Input Format                       : mixed
Ignore Synthesis Constraint File   : NO

---- Target Parameters
Output File Name                   : "disp_mux_main_bh"
Output Format                      : NGC
Target Device                      : xc3s100e-5-cp132

---- Source Options
Top Module Name                    : disp_mux_main_bh
Automatic FSM Extraction           : YES
FSM Encoding Algorithm             : Auto
Safe Implementation                : No
FSM Style                          : LUT
RAM Extraction                     : Yes
RAM Style                          : Auto
ROM Extraction                     : Yes
Mux Style                          : Auto
Decoder Extraction                 : YES
Priority Encoder Extraction        : Yes
Shift Register Extraction          : YES
Logical Shifter Extraction         : YES
XOR Collapsing                     : YES
ROM Style                          : Auto
Mux Extraction                     : Yes
Resource Sharing                   : YES
Asynchronous To Synchronous        : NO
Multiplier Style                   : Auto
Automatic Register Balancing       : No

---- Target Options
Add IO Buffers                     : YES
Global Maximum Fanout              : 100000
Add Generic Clock Buffer(BUFG)     : 24
Register Duplication               : YES
Slice Packing                      : YES
Optimize Instantiated Primitives   : NO
Use Clock Enable                   : Yes
Use Synchronous Set                : Yes
Use Synchronous Reset              : Yes
Pack IO Registers into IOBs        : Auto
Equivalent register Removal        : YES

---- General Options
Optimization Goal                  : Speed
Optimization Effort                : 1
Keep Hierarchy                     : No
Netlist Hierarchy                  : As_Optimized
RTL Output                         : Yes
Global Optimization                : AllClockNets
Read Cores                         : YES
Write Timing Constraints           : NO
Cross Clock Analysis               : NO
Hierarchy Separator                : /
Bus Delimiter                      : <>
Case Specifier                     : Maintain
Slice Utilization Ratio            : 100
BRAM Utilization Ratio             : 100
Verilog 2001                       : YES
Auto BRAM Packing                  : NO
Slice Utilization Ratio Delta      : 5

=========================================================================


=========================================================================
*                          HDL Compilation                              *
=========================================================================
Compiling verilog file "part3/disp_mux_bh.v" in library work
Compiling verilog file "part3/bcdto7led_bh.v" in library work
Module <disp_mux_bh> compiled
Compiling verilog file "part3/disp_mux_main_bh.v" in library work
Module <bcdto7led_bh> compiled
Module <disp_mux_main_bh> compiled
No errors in compilation
Analysis of file <"disp_mux_main_bh.prj"> succeeded.
 

=========================================================================
*                     Design Hierarchy Analysis                         *
=========================================================================
Analyzing hierarchy for module <disp_mux_main_bh> in library <work>.

Analyzing hierarchy for module <bcdto7led_bh> in library <work>.

Analyzing hierarchy for module <disp_mux_bh> in library <work>.


=========================================================================
*                            HDL Analysis                               *
=========================================================================
Analyzing top module <disp_mux_main_bh>.
Module <disp_mux_main_bh> is correct for synthesis.
 
Analyzing module <bcdto7led_bh> in library <work>.
Module <bcdto7led_bh> is correct for synthesis.
 
Analyzing module <disp_mux_bh> in library <work>.
Module <disp_mux_bh> is correct for synthesis.
 

=========================================================================
*                           HDL Synthesis                               *
=========================================================================

Performing bidirectional port resolution...

Synthesizing Unit <bcdto7led_bh>.
    Related source file is "part3/bcdto7led_bh.v".
    Found 16x7-bit ROM for signal <bundle$rom0000>.
    Summary:
	inferred   1 ROM(s).
Unit <bcdto7led_bh> synthesized.


Synthesizing Unit <disp_mux_bh>.
    Related source file is "part3/disp_mux_bh.v".
    Found 1-of-4 decoder for signal <an>.
    Found 8-bit 4-to-1 multiplexer for signal <sseg>.
    Found 17-bit up counter for signal <r_qreg>.
    Summary:
	inferred   1 Counter(s).
	inferred   8 Multiplexer(s).
	inferred   1 Decoder(s).
Unit <disp_mux_bh> synthesized.


Synthesizing Unit <disp_mux_main_bh>.
    Related source file is "part3/disp_mux_main_bh.v".
Unit <disp_mux_main_bh> synthesized.


=========================================================================
HDL Synthesis Report

Macro Statistics
# ROMs                                                 : 4
 16x7-bit ROM                                          : 4
# Counters                                             : 1
 17-bit up counter                                     : 1
# Multiplexers                                         : 1
 8-bit 4-to-1 multiplexer                              : 1
# Decoders                                             : 1
 1-of-4 decoder                                        : 1

=========================================================================

=========================================================================
*                       Advanced HDL Synthesis                          *
=========================================================================


=========================================================================
Advanced HDL Synthesis Report

Macro Statistics
# ROMs                                                 : 4
 16x7-bit ROM                                          : 4
# Counters                                             : 1
 17-bit up counter                                     : 1
# Multiplexers                                         : 1
 8-bit 4-to-1 multiplexer                              : 1
# Decoders                                             : 1
 1-of-4 decoder                                        : 1

=========================================================================

=========================================================================
*                         Low Level Synthesis                           *
=========================================================================
WARNING:Xst:1989 - Unit <disp_mux_main_bh>: instances <c1>, <c2> of unit <bcdto7led_bh> are equivalent, second instance is removed
WARNING:Xst:1989 - Unit <disp_mux_main_bh>: instances <c1>, <c3> of unit <bcdto7led_bh> are equivalent, second instance is removed
WARNING:Xst:1989 - Unit <disp_mux_main_bh>: instances <c1>, <c4> of unit <bcdto7led_bh> are equivalent, second instance is removed
WARNING:Xst:2677 - Node <d1/r_qreg_2> of sequential type is unconnected in block <disp_mux_main_bh>.
WARNING:Xst:2677 - Node <d1/r_qreg_3> of sequential type is unconnected in block <disp_mux_main_bh>.
WARNING:Xst:2677 - Node <d1/r_qreg_4> of sequential type is unconnected in block <disp_mux_main_bh>.
WARNING:Xst:2677 - Node <d1/r_qreg_5> of sequential type is unconnected in block <disp_mux_main_bh>.
WARNING:Xst:2677 - Node <d1/r_qreg_6> of sequential type is unconnected in block <disp_mux_main_bh>.
WARNING:Xst:2677 - Node <d1/r_qreg_7> of sequential type is unconnected in block <disp_mux_main_bh>.
WARNING:Xst:2677 - Node <d1/r_qreg_8> of sequential type is unconnected in block <disp_mux_main_bh>.
WARNING:Xst:2677 - Node <d1/r_qreg_9> of sequential type is unconnected in block <disp_mux_main_bh>.
WARNING:Xst:2677 - Node <d1/r_qreg_10> of sequential type is unconnected in block <disp_mux_main_bh>.
WARNING:Xst:2677 - Node <d1/r_qreg_11> of sequential type is unconnected in block <disp_mux_main_bh>.
WARNING:Xst:2677 - Node <d1/r_qreg_12> of sequential type is unconnected in block <disp_mux_main_bh>.
WARNING:Xst:2677 - Node <d1/r_qreg_13> of sequential type is unconnected in block <disp_mux_main_bh>.
WARNING:Xst:2677 - Node <d1/r_qreg_14> of sequential type is unconnected in block <disp_mux_main_bh>.
WARNING:Xst:2677 - Node <d1/r_qreg_15> of sequential type is unconnected in block <disp_mux_main_bh>.
WARNING:Xst:2677 - Node <d1/r_qreg_16> of sequential type is unconnected in block <disp_mux_main_bh>.

Optimizing unit <disp_mux_main_bh> ...

Mapping all equations...
Building and optimizing final netlist ...
Found area constraint ratio of 100 (+ 5) on block disp_mux_main_bh, actual ratio is 0.

Final Macro Processing ...

=========================================================================
Final Register Report

Macro Statistics
# Registers                                            : 2
 Flip-Flops                                            : 2

=========================================================================

=========================================================================
*                           Partition Report                            *
=========================================================================

Partition Implementation Status
-------------------------------

  No Partitions were found in this design.

-------------------------------

=========================================================================
*                            Final Report                               *
=========================================================================
Final Results
RTL Top Level Output File Name     : disp_mux_main_bh.ngr
Top Level Output File Name         : disp_mux_main_bh
Output Format                      : NGC
Optimization Goal                  : Speed
Keep Hierarchy                     : No

Design Statistics
# IOs                              : 18

Cell Usage :
# BELS                             : 18
#      GND                         : 1
#      INV                         : 1
#      LUT1                        : 1
#      LUT2                        : 4
#      LUT4                        : 7
#      MUXCY                       : 1
#      VCC                         : 1
#      XORCY                       : 2
# FlipFlops/Latches                : 2
#      FDR                         : 2
# Clock Buffers                    : 1
#      BUFGP                       : 1
# IO Buffers                       : 17
#      IBUF                        : 5
#      OBUF                        : 12
=========================================================================

Device utilization summary:
---------------------------

Selected Device : 3s100ecp132-5 

 Number of Slices:                        7  out of    960     0%  
 Number of Slice Flip Flops:              2  out of   1920     0%  
 Number of 4 input LUTs:                 13  out of   1920     0%  
 Number of IOs:                          18
 Number of bonded IOBs:                  18  out of     83    21%  
 Number of GCLKs:                         1  out of     24     4%  

---------------------------
Partition Resource Summary:
---------------------------

  No Partitions were found in this design.

---------------------------


=========================================================================
TIMING REPORT

NOTE: THESE TIMING NUMBERS ARE ONLY A SYNTHESIS ESTIMATE.
      FOR ACCURATE TIMING INFORMATION PLEASE REFER TO THE TRACE REPORT
      GENERATED AFTER PLACE-and-ROUTE.

Clock Information:
------------------
-----------------------------------+------------------------+-------+
Clock Signal                       | Clock buffer(FF name)  | Load  |
-----------------------------------+------------------------+-------+
clk                                | BUFGP                  | 2     |
-----------------------------------+------------------------+-------+

Asynchronous Control Signals Information:
----------------------------------------
No asynchronous control signals found in this design

Timing Summary:
---------------
Speed Grade: -5

   Minimum period: 3.035ns (Maximum Frequency: 329.484MHz)
   Minimum input arrival time before clock: 2.281ns
   Maximum output required time after clock: 5.342ns
   Maximum combinational path delay: 5.998ns

Timing Detail:
--------------
All values displayed in nanoseconds (ns)

=========================================================================
Timing constraint: Default period analysis for Clock 'clk'
  Clock period: 3.035ns (frequency: 329.484MHz)
  Total number of paths / destination ports: 3 / 2
-------------------------------------------------------------------------
Delay:               3.035ns (Levels of Logic = 3)
  Source:            d1/r_qreg_0 (FF)
  Destination:       d1/r_qreg_1 (FF)
  Source Clock:      clk rising
  Destination Clock: clk rising

  Data Path: d1/r_qreg_0 to d1/r_qreg_1
                                Gate     Net
    Cell:in->out      fanout   Delay   Delay  Logical Name (Net Name)
    ----------------------------------------  ------------
     FDR:C->Q              5   0.514   0.538  d1/r_qreg_0 (d1/r_qreg_0)
     INV:I->O              1   0.612   0.000  d1/Mcount_r_qreg_lut<0>_INV_0 (d1/Mcount_r_qreg_lut<0>)
     MUXCY:S->O            0   0.404   0.000  d1/Mcount_r_qreg_cy<0> (d1/Mcount_r_qreg_cy<0>)
     XORCY:CI->O           1   0.699   0.000  d1/Mcount_r_qreg_xor<1> (Result<1>)
     FDR:D                     0.268          d1/r_qreg_1
    ----------------------------------------
    Total                      3.035ns (2.497ns logic, 0.538ns route)
                                       (82.3% logic, 17.7% route)

=========================================================================
Timing constraint: Default OFFSET IN BEFORE for Clock 'clk'
  Total number of paths / destination ports: 2 / 2
-------------------------------------------------------------------------
Offset:              2.281ns (Levels of Logic = 1)
  Source:            reset (PAD)
  Destination:       d1/r_qreg_0 (FF)
  Destination Clock: clk rising

  Data Path: reset to d1/r_qreg_0
                                Gate     Net
    Cell:in->out      fanout   Delay   Delay  Logical Name (Net Name)
    ----------------------------------------  ------------
     IBUF:I->O             2   1.106   0.380  reset_IBUF (reset_IBUF)
     FDR:R                     0.795          d1/r_qreg_0
    ----------------------------------------
    Total                      2.281ns (1.901ns logic, 0.380ns route)
                                       (83.3% logic, 16.7% route)

=========================================================================
Timing constraint: Default OFFSET OUT AFTER for Clock 'clk'
  Total number of paths / destination ports: 8 / 4
-------------------------------------------------------------------------
Offset:              5.342ns (Levels of Logic = 2)
  Source:            d1/r_qreg_0 (FF)
  Destination:       an<3> (PAD)
  Source Clock:      clk rising

  Data Path: d1/r_qreg_0 to an<3>
                                Gate     Net
    Cell:in->out      fanout   Delay   Delay  Logical Name (Net Name)
    ----------------------------------------  ------------
     FDR:C->Q              5   0.514   0.690  d1/r_qreg_0 (d1/r_qreg_0)
     LUT2:I0->O            1   0.612   0.357  d1/Mdecod_an31 (an_3_OBUF)
     OBUF:I->O                 3.169          an_3_OBUF (an<3>)
    ----------------------------------------
    Total                      5.342ns (4.295ns logic, 1.047ns route)
                                       (80.4% logic, 19.6% route)

=========================================================================
Timing constraint: Default path analysis
  Total number of paths / destination ports: 28 / 7
-------------------------------------------------------------------------
Delay:               5.998ns (Levels of Logic = 3)
  Source:            sw1 (PAD)
  Destination:       sseg<6> (PAD)

  Data Path: sw1 to sseg<6>
                                Gate     Net
    Cell:in->out      fanout   Delay   Delay  Logical Name (Net Name)
    ----------------------------------------  ------------
     IBUF:I->O             7   1.106   0.754  sw1_IBUF (sw1_IBUF)
     LUT4:I0->O            1   0.612   0.357  c1/Mrom_bundle_rom000041 (c1/Mrom_bundle_rom00004)
     OBUF:I->O                 3.169          sseg_2_OBUF (sseg<2>)
    ----------------------------------------
    Total                      5.998ns (4.887ns logic, 1.111ns route)
                                       (81.5% logic, 18.5% route)

=========================================================================


Total REAL time to Xst completion: 4.00 secs
Total CPU time to Xst completion: 3.57 secs
 
--> 

Total memory usage is 298768 kilobytes

Number of errors   :    0 (   0 filtered)
Number of warnings :   18 (   0 filtered)
Number of infos    :    0 (   0 filtered)

