Release 14.7 - xst P.20131013 (nt)
Copyright (c) 1995-2013 Xilinx, Inc.  All rights reserved.
--> Parameter TMPDIR set to xst/projnav.tmp


Total REAL time to Xst completion: 0.00 secs
Total CPU time to Xst completion: 0.10 secs
 
--> Parameter xsthdpdir set to xst


Total REAL time to Xst completion: 0.00 secs
Total CPU time to Xst completion: 0.10 secs
 
--> Reading design: edgedetector_bh.prj

TABLE OF CONTENTS
  1) Synthesis Options Summary
  2) HDL Compilation
  3) Design Hierarchy Analysis
  4) HDL Analysis
  5) HDL Synthesis
     5.1) HDL Synthesis Report
  6) Advanced HDL Synthesis
     6.1) Advanced HDL Synthesis Report
  7) Low Level Synthesis
  8) Partition Report
  9) Final Report
	9.1) Device utilization summary
	9.2) Partition Resource Summary
	9.3) TIMING REPORT


=========================================================================
*                      Synthesis Options Summary                        *
=========================================================================
---- Source Parameters
Input File Name                    : "edgedetector_bh.prj"
Input Format                       : mixed
Ignore Synthesis Constraint File   : NO

---- Target Parameters
Output File Name                   : "edgedetector_bh"
Output Format                      : NGC
Target Device                      : xc3s100e-5-cp132

---- Source Options
Top Module Name                    : edgedetector_bh
Automatic FSM Extraction           : YES
FSM Encoding Algorithm             : Auto
Safe Implementation                : No
FSM Style                          : LUT
RAM Extraction                     : Yes
RAM Style                          : Auto
ROM Extraction                     : Yes
Mux Style                          : Auto
Decoder Extraction                 : YES
Priority Encoder Extraction        : Yes
Shift Register Extraction          : YES
Logical Shifter Extraction         : YES
XOR Collapsing                     : YES
ROM Style                          : Auto
Mux Extraction                     : Yes
Resource Sharing                   : YES
Asynchronous To Synchronous        : NO
Multiplier Style                   : Auto
Automatic Register Balancing       : No

---- Target Options
Add IO Buffers                     : YES
Global Maximum Fanout              : 100000
Add Generic Clock Buffer(BUFG)     : 24
Register Duplication               : YES
Slice Packing                      : YES
Optimize Instantiated Primitives   : NO
Use Clock Enable                   : Yes
Use Synchronous Set                : Yes
Use Synchronous Reset              : Yes
Pack IO Registers into IOBs        : Auto
Equivalent register Removal        : YES

---- General Options
Optimization Goal                  : Speed
Optimization Effort                : 1
Keep Hierarchy                     : No
Netlist Hierarchy                  : As_Optimized
RTL Output                         : Yes
Global Optimization                : AllClockNets
Read Cores                         : YES
Write Timing Constraints           : NO
Cross Clock Analysis               : NO
Hierarchy Separator                : /
Bus Delimiter                      : <>
Case Specifier                     : Maintain
Slice Utilization Ratio            : 100
BRAM Utilization Ratio             : 100
Verilog 2001                       : YES
Auto BRAM Packing                  : NO
Slice Utilization Ratio Delta      : 5

=========================================================================


=========================================================================
*                          HDL Compilation                              *
=========================================================================
Compiling verilog file "part2/clkdiv.v" in library work
Compiling verilog file "part2/edgedetector_bh.v" in library work
Module <clkdiv> compiled
Module <edgedetector_bh> compiled
No errors in compilation
Analysis of file <"edgedetector_bh.prj"> succeeded.
 

=========================================================================
*                     Design Hierarchy Analysis                         *
=========================================================================
Analyzing hierarchy for module <edgedetector_bh> in library <work> with parameters.
	CHANGE = "01"
	ONE = "10"
	ZERO = "00"

Analyzing hierarchy for module <clkdiv> in library <work>.


=========================================================================
*                            HDL Analysis                               *
=========================================================================
Analyzing top module <edgedetector_bh>.
	CHANGE = 2'b01
	ONE = 2'b10
	ZERO = 2'b00
Module <edgedetector_bh> is correct for synthesis.
 
Analyzing module <clkdiv> in library <work>.
Module <clkdiv> is correct for synthesis.
 

=========================================================================
*                           HDL Synthesis                               *
=========================================================================

Performing bidirectional port resolution...

Synthesizing Unit <clkdiv>.
    Related source file is "part2/clkdiv.v".
    Found 21-bit up counter for signal <COUNT>.
    Summary:
	inferred   1 Counter(s).
Unit <clkdiv> synthesized.


Synthesizing Unit <edgedetector_bh>.
    Related source file is "part2/edgedetector_bh.v".
    Found finite state machine <FSM_0> for signal <r_state>.
    -----------------------------------------------------------------------
    | States             | 3                                              |
    | Transitions        | 6                                              |
    | Inputs             | 1                                              |
    | Outputs            | 1                                              |
    | Clock              | slow_clk                  (rising_edge)        |
    | Reset              | reset                     (positive)           |
    | Reset type         | synchronous                                    |
    | Reset State        | 00                                             |
    | Encoding           | automatic                                      |
    | Implementation     | LUT                                            |
    -----------------------------------------------------------------------
    Summary:
	inferred   1 Finite State Machine(s).
Unit <edgedetector_bh> synthesized.


=========================================================================
HDL Synthesis Report

Macro Statistics
# Counters                                             : 1
 21-bit up counter                                     : 1

=========================================================================

=========================================================================
*                       Advanced HDL Synthesis                          *
=========================================================================

Analyzing FSM <FSM_0> for best encoding.
Optimizing FSM <r_state/FSM> on signal <r_state[1:3]> with one-hot encoding.
-------------------
 State | Encoding
-------------------
 00    | 001
 01    | 010
 10    | 100
-------------------

=========================================================================
Advanced HDL Synthesis Report

Macro Statistics
# FSMs                                                 : 1
# Counters                                             : 1
 21-bit up counter                                     : 1

=========================================================================

=========================================================================
*                         Low Level Synthesis                           *
=========================================================================

Optimizing unit <edgedetector_bh> ...

Mapping all equations...
Building and optimizing final netlist ...
Found area constraint ratio of 100 (+ 5) on block edgedetector_bh, actual ratio is 1.

Final Macro Processing ...

=========================================================================
Final Register Report

Macro Statistics
# Registers                                            : 23
 Flip-Flops                                            : 23

=========================================================================

=========================================================================
*                           Partition Report                            *
=========================================================================

Partition Implementation Status
-------------------------------

  No Partitions were found in this design.

-------------------------------

=========================================================================
*                            Final Report                               *
=========================================================================
Final Results
RTL Top Level Output File Name     : edgedetector_bh.ngr
Top Level Output File Name         : edgedetector_bh
Output Format                      : NGC
Optimization Goal                  : Speed
Keep Hierarchy                     : No

Design Statistics
# IOs                              : 4

Cell Usage :
# BELS                             : 66
#      GND                         : 1
#      INV                         : 2
#      LUT1                        : 20
#      LUT2                        : 1
#      MUXCY                       : 20
#      VCC                         : 1
#      XORCY                       : 21
# FlipFlops/Latches                : 23
#      FDR                         : 22
#      FDS                         : 1
# Clock Buffers                    : 1
#      BUFGP                       : 1
# IO Buffers                       : 3
#      IBUF                        : 2
#      OBUF                        : 1
=========================================================================

Device utilization summary:
---------------------------

Selected Device : 3s100ecp132-5 

 Number of Slices:                       12  out of    960     1%  
 Number of Slice Flip Flops:             23  out of   1920     1%  
 Number of 4 input LUTs:                 23  out of   1920     1%  
 Number of IOs:                           4
 Number of bonded IOBs:                   4  out of     83     4%  
 Number of GCLKs:                         1  out of     24     4%  

---------------------------
Partition Resource Summary:
---------------------------

  No Partitions were found in this design.

---------------------------


=========================================================================
TIMING REPORT

NOTE: THESE TIMING NUMBERS ARE ONLY A SYNTHESIS ESTIMATE.
      FOR ACCURATE TIMING INFORMATION PLEASE REFER TO THE TRACE REPORT
      GENERATED AFTER PLACE-and-ROUTE.

Clock Information:
------------------
-----------------------------------+------------------------+-------+
Clock Signal                       | Clock buffer(FF name)  | Load  |
-----------------------------------+------------------------+-------+
c1/COUNT_20                        | NONE(r_state_FSM_FFd2) | 2     |
clk                                | BUFGP                  | 21    |
-----------------------------------+------------------------+-------+
INFO:Xst:2169 - HDL ADVISOR - Some clock signals were not automatically buffered by XST with BUFG/BUFR resources. Please use the buffer_type constraint in order to insert these buffers to the clock signals to help prevent skew problems.

Asynchronous Control Signals Information:
----------------------------------------
No asynchronous control signals found in this design

Timing Summary:
---------------
Speed Grade: -5

   Minimum period: 3.933ns (Maximum Frequency: 254.259MHz)
   Minimum input arrival time before clock: 2.923ns
   Maximum output required time after clock: 4.040ns
   Maximum combinational path delay: No path found

Timing Detail:
--------------
All values displayed in nanoseconds (ns)

=========================================================================
Timing constraint: Default period analysis for Clock 'c1/COUNT_20'
  Clock period: 1.820ns (frequency: 549.451MHz)
  Total number of paths / destination ports: 1 / 1
-------------------------------------------------------------------------
Delay:               1.820ns (Levels of Logic = 1)
  Source:            r_state_FSM_FFd3 (FF)
  Destination:       r_state_FSM_FFd2 (FF)
  Source Clock:      c1/COUNT_20 rising
  Destination Clock: c1/COUNT_20 rising

  Data Path: r_state_FSM_FFd3 to r_state_FSM_FFd2
                                Gate     Net
    Cell:in->out      fanout   Delay   Delay  Logical Name (Net Name)
    ----------------------------------------  ------------
     FDS:C->Q              1   0.514   0.426  r_state_FSM_FFd3 (r_state_FSM_FFd3)
     LUT2:I1->O            1   0.612   0.000  r_state_FSM_FFd2-In1 (r_state_FSM_FFd2-In)
     FDR:D                     0.268          r_state_FSM_FFd2
    ----------------------------------------
    Total                      1.820ns (1.394ns logic, 0.426ns route)
                                       (76.6% logic, 23.4% route)

=========================================================================
Timing constraint: Default period analysis for Clock 'clk'
  Clock period: 3.933ns (frequency: 254.259MHz)
  Total number of paths / destination ports: 231 / 21
-------------------------------------------------------------------------
Delay:               3.933ns (Levels of Logic = 21)
  Source:            c1/COUNT_1 (FF)
  Destination:       c1/COUNT_20 (FF)
  Source Clock:      clk rising
  Destination Clock: clk rising

  Data Path: c1/COUNT_1 to c1/COUNT_20
                                Gate     Net
    Cell:in->out      fanout   Delay   Delay  Logical Name (Net Name)
    ----------------------------------------  ------------
     FDR:C->Q              1   0.514   0.509  c1/COUNT_1 (c1/COUNT_1)
     LUT1:I0->O            1   0.612   0.000  c1/Mcount_COUNT_cy<1>_rt (c1/Mcount_COUNT_cy<1>_rt)
     MUXCY:S->O            1   0.404   0.000  c1/Mcount_COUNT_cy<1> (c1/Mcount_COUNT_cy<1>)
     MUXCY:CI->O           1   0.051   0.000  c1/Mcount_COUNT_cy<2> (c1/Mcount_COUNT_cy<2>)
     MUXCY:CI->O           1   0.051   0.000  c1/Mcount_COUNT_cy<3> (c1/Mcount_COUNT_cy<3>)
     MUXCY:CI->O           1   0.051   0.000  c1/Mcount_COUNT_cy<4> (c1/Mcount_COUNT_cy<4>)
     MUXCY:CI->O           1   0.051   0.000  c1/Mcount_COUNT_cy<5> (c1/Mcount_COUNT_cy<5>)
     MUXCY:CI->O           1   0.051   0.000  c1/Mcount_COUNT_cy<6> (c1/Mcount_COUNT_cy<6>)
     MUXCY:CI->O           1   0.051   0.000  c1/Mcount_COUNT_cy<7> (c1/Mcount_COUNT_cy<7>)
     MUXCY:CI->O           1   0.051   0.000  c1/Mcount_COUNT_cy<8> (c1/Mcount_COUNT_cy<8>)
     MUXCY:CI->O           1   0.051   0.000  c1/Mcount_COUNT_cy<9> (c1/Mcount_COUNT_cy<9>)
     MUXCY:CI->O           1   0.051   0.000  c1/Mcount_COUNT_cy<10> (c1/Mcount_COUNT_cy<10>)
     MUXCY:CI->O           1   0.051   0.000  c1/Mcount_COUNT_cy<11> (c1/Mcount_COUNT_cy<11>)
     MUXCY:CI->O           1   0.051   0.000  c1/Mcount_COUNT_cy<12> (c1/Mcount_COUNT_cy<12>)
     MUXCY:CI->O           1   0.051   0.000  c1/Mcount_COUNT_cy<13> (c1/Mcount_COUNT_cy<13>)
     MUXCY:CI->O           1   0.051   0.000  c1/Mcount_COUNT_cy<14> (c1/Mcount_COUNT_cy<14>)
     MUXCY:CI->O           1   0.051   0.000  c1/Mcount_COUNT_cy<15> (c1/Mcount_COUNT_cy<15>)
     MUXCY:CI->O           1   0.051   0.000  c1/Mcount_COUNT_cy<16> (c1/Mcount_COUNT_cy<16>)
     MUXCY:CI->O           1   0.051   0.000  c1/Mcount_COUNT_cy<17> (c1/Mcount_COUNT_cy<17>)
     MUXCY:CI->O           1   0.051   0.000  c1/Mcount_COUNT_cy<18> (c1/Mcount_COUNT_cy<18>)
     MUXCY:CI->O           0   0.051   0.000  c1/Mcount_COUNT_cy<19> (c1/Mcount_COUNT_cy<19>)
     XORCY:CI->O           1   0.699   0.000  c1/Mcount_COUNT_xor<20> (Result<20>)
     FDR:D                     0.268          c1/COUNT_20
    ----------------------------------------
    Total                      3.933ns (3.424ns logic, 0.509ns route)
                                       (87.1% logic, 12.9% route)

=========================================================================
Timing constraint: Default OFFSET IN BEFORE for Clock 'c1/COUNT_20'
  Total number of paths / destination ports: 4 / 4
-------------------------------------------------------------------------
Offset:              2.923ns (Levels of Logic = 1)
  Source:            reset (PAD)
  Destination:       r_state_FSM_FFd2 (FF)
  Destination Clock: c1/COUNT_20 rising

  Data Path: reset to r_state_FSM_FFd2
                                Gate     Net
    Cell:in->out      fanout   Delay   Delay  Logical Name (Net Name)
    ----------------------------------------  ------------
     IBUF:I->O            23   1.106   1.022  reset_IBUF (reset_IBUF)
     FDR:R                     0.795          r_state_FSM_FFd2
    ----------------------------------------
    Total                      2.923ns (1.901ns logic, 1.022ns route)
                                       (65.0% logic, 35.0% route)

=========================================================================
Timing constraint: Default OFFSET IN BEFORE for Clock 'clk'
  Total number of paths / destination ports: 21 / 21
-------------------------------------------------------------------------
Offset:              2.923ns (Levels of Logic = 1)
  Source:            reset (PAD)
  Destination:       c1/COUNT_0 (FF)
  Destination Clock: clk rising

  Data Path: reset to c1/COUNT_0
                                Gate     Net
    Cell:in->out      fanout   Delay   Delay  Logical Name (Net Name)
    ----------------------------------------  ------------
     IBUF:I->O            23   1.106   1.022  reset_IBUF (reset_IBUF)
     FDR:R                     0.795          c1/COUNT_0
    ----------------------------------------
    Total                      2.923ns (1.901ns logic, 1.022ns route)
                                       (65.0% logic, 35.0% route)

=========================================================================
Timing constraint: Default OFFSET OUT AFTER for Clock 'c1/COUNT_20'
  Total number of paths / destination ports: 1 / 1
-------------------------------------------------------------------------
Offset:              4.040ns (Levels of Logic = 1)
  Source:            r_state_FSM_FFd2 (FF)
  Destination:       outedge (PAD)
  Source Clock:      c1/COUNT_20 rising

  Data Path: r_state_FSM_FFd2 to outedge
                                Gate     Net
    Cell:in->out      fanout   Delay   Delay  Logical Name (Net Name)
    ----------------------------------------  ------------
     FDR:C->Q              1   0.514   0.357  r_state_FSM_FFd2 (r_state_FSM_FFd2)
     OBUF:I->O                 3.169          outedge_OBUF (outedge)
    ----------------------------------------
    Total                      4.040ns (3.683ns logic, 0.357ns route)
                                       (91.2% logic, 8.8% route)

=========================================================================


Total REAL time to Xst completion: 4.00 secs
Total CPU time to Xst completion: 3.55 secs
 
--> 

Total memory usage is 298576 kilobytes

Number of errors   :    0 (   0 filtered)
Number of warnings :    0 (   0 filtered)
Number of infos    :    1 (   0 filtered)

