Command line:
   fasystem_tb_isim_beh.exe
     -simmode  gui
     -simrunnum  0
     -socket  54690

Wed Feb 21 19:18:53 2018


 Elaboration Time: 0.140625 sec

 Current Memory Usage: 1688.7 Meg

 Total Signals          : 18
 Total Nets             : 18
 Total Signal Drivers   : 10
 Total Blocks           : 3
 Total Primitive Blocks : 2
 Total Processes        : 14
 Total Traceable Variables  : 24
 Total Scalar Nets and Variables : 104
Total Line Count : 41

 Total Simulation Time: 0.203125 sec

 Current Memory Usage: 1059.52 Meg

Wed Feb 21 19:41:19 2018

